<?xml version="1.0" encoding="UTF-8"?>
<!-- Generated by org.testng.reporters.JUnitReportReporter -->
<testsuite hostname="DESKTOP-1BJQ5M1" failures="0" tests="3" name="com.selenium.naveen.LocatorConcept" time="53.507" errors="0" timestamp="2020-02-27T23:11:33 EST" skipped="2">
  <testcase classname="com.selenium.naveen.LocatorConcept" name="checkDepar" time="53.507"/>
  <testcase classname="com.selenium.naveen.LocatorConcept" name="homeDepart">
    <skipped/>
  </testcase> <!-- homeDepart -->
  <testcase classname="com.selenium.naveen.LocatorConcept" name="findAllLinks">
    <skipped/>
  </testcase> <!-- findAllLinks -->
</testsuite> <!-- com.selenium.naveen.LocatorConcept -->
